{"C:/Users/BANTUG/Documents/Javascript/Nuxt 3/sample-nuxt3-app/components/TestOne.vue": {"path":"C:/Users/BANTUG/Documents/Javascript/Nuxt 3/sample-nuxt3-app/components/TestOne.vue","statementMap":{"0":{"start":{"line":3,"column":4},"end":{"line":3,"column":23}},"1":{"start":{"line":2,"column":2},"end":{"line":4,"column":32}}},"fnMap":{},"branchMap":{},"s":{"0":2,"1":1},"f":{},"b":{}}
,"C:/Users/BANTUG/Documents/Javascript/Nuxt 3/sample-nuxt3-app/components/TestPinia.vue": {"path":"C:/Users/BANTUG/Documents/Javascript/Nuxt 3/sample-nuxt3-app/components/TestPinia.vue","statementMap":{"0":{"start":{"line":48,"column":14},"end":{"line":48,"column":null}},"1":{"start":{"line":49,"column":13},"end":{"line":49,"column":null}},"2":{"start":{"line":50,"column":14},"end":{"line":50,"column":null}},"3":{"start":{"line":56,"column":20},"end":{"line":56,"column":null}},"4":{"start":{"line":57,"column":14},"end":{"line":57,"column":null}},"5":{"start":{"line":62,"column":20},"end":{"line":62,"column":null}},"6":{"start":{"line":63,"column":4},"end":{"line":63,"column":null}},"7":{"start":{"line":64,"column":4},"end":{"line":64,"column":null}},"8":{"start":{"line":3,"column":9},"end":{"line":3,"column":26}},"9":{"start":{"line":6,"column":9},"end":{"line":6,"column":26}},"10":{"start":{"line":12,"column":9},"end":{"line":12,"column":null}},"11":{"start":{"line":16,"column":11},"end":{"line":16,"column":null}},"12":{"start":{"line":30,"column":11},"end":{"line":30,"column":null}},"13":{"start":{"line":37,"column":4},"end":{"line":39,"column":10}},"14":{"start":{"line":2,"column":2},"end":{"line":37,"column":9}},"15":{"start":{"line":13,"column":101},"end":{"line":13,"column":122}},"16":{"start":{"line":18,"column":104},"end":{"line":18,"column":134}},"17":{"start":{"line":22,"column":102},"end":{"line":22,"column":127}}},"fnMap":{"0":{"name":"getData","decl":{"start":{"line":61,"column":15},"end":{"line":61,"column":26}},"loc":{"start":{"line":61,"column":26},"end":{"line":65,"column":null}}},"1":{"name":"(anonymous_3)","decl":{"start":{"line":13,"column":99},"end":{"line":13,"column":101}},"loc":{"start":{"line":13,"column":101},"end":{"line":13,"column":122}}},"2":{"name":"(anonymous_4)","decl":{"start":{"line":18,"column":102},"end":{"line":18,"column":104}},"loc":{"start":{"line":18,"column":104},"end":{"line":18,"column":134}}},"3":{"name":"(anonymous_5)","decl":{"start":{"line":22,"column":100},"end":{"line":22,"column":102}},"loc":{"start":{"line":22,"column":102},"end":{"line":22,"column":127}}}},"branchMap":{"0":{"loc":{"start":{"line":9,"column":15},"end":{"line":11,"column":10}},"type":"cond-expr","locations":[{"start":{"line":9,"column":21},"end":{"line":11,"column":10}},{"start":{"line":11,"column":4},"end":{"line":11,"column":10}}]},"1":{"loc":{"start":{"line":13,"column":99},"end":{"line":13,"column":122}},"type":"binary-expr","locations":[{"start":{"line":13,"column":99},"end":{"line":13,"column":101}},{"start":{"line":13,"column":99},"end":{"line":13,"column":122}}]},"2":{"loc":{"start":{"line":13,"column":101},"end":{"line":13,"column":122}},"type":"binary-expr","locations":[{"start":{"line":13,"column":101},"end":{"line":13,"column":120}},{"start":{"line":13,"column":101},"end":{"line":13,"column":122}}]},"3":{"loc":{"start":{"line":18,"column":102},"end":{"line":18,"column":134}},"type":"binary-expr","locations":[{"start":{"line":18,"column":102},"end":{"line":18,"column":104}},{"start":{"line":18,"column":102},"end":{"line":18,"column":134}}]},"4":{"loc":{"start":{"line":22,"column":100},"end":{"line":22,"column":127}},"type":"binary-expr","locations":[{"start":{"line":22,"column":100},"end":{"line":22,"column":102}},{"start":{"line":22,"column":100},"end":{"line":22,"column":127}}]},"5":{"loc":{"start":{"line":22,"column":102},"end":{"line":22,"column":127}},"type":"binary-expr","locations":[{"start":{"line":22,"column":102},"end":{"line":22,"column":125}},{"start":{"line":22,"column":102},"end":{"line":22,"column":127}}]},"6":{"loc":{"start":{"line":27,"column":17},"end":{"line":29,"column":12}},"type":"cond-expr","locations":[{"start":{"line":27,"column":17},"end":{"line":29,"column":12}},{"start":{"line":29,"column":6},"end":{"line":29,"column":12}}]}},"s":{"0":7,"1":7,"2":7,"3":7,"4":7,"5":1,"6":1,"7":1,"8":1,"9":1,"10":1,"11":1,"12":1,"13":1,"14":13,"15":2,"16":1,"17":2},"f":{"0":1,"1":2,"2":1,"3":2},"b":{"0":[1,12],"1":[13,7],"2":[2,2],"3":[13,7],"4":[13,7],"5":[2,2],"6":[1,12]}}
,"C:/Users/BANTUG/Documents/Javascript/Nuxt 3/sample-nuxt3-app/components/TheRatings.vue": {"path":"C:/Users/BANTUG/Documents/Javascript/Nuxt 3/sample-nuxt3-app/components/TheRatings.vue","statementMap":{"0":{"start":{"line":21,"column":20},"end":{"line":21,"column":null}},"1":{"start":{"line":24,"column":4},"end":{"line":24,"column":null}},"2":{"start":{"line":24,"column":34},"end":{"line":24,"column":46}},"3":{"start":{"line":25,"column":4},"end":{"line":25,"column":null}},"4":{"start":{"line":25,"column":33},"end":{"line":25,"column":46}},"5":{"start":{"line":29,"column":4},"end":{"line":29,"column":null}},"6":{"start":{"line":6,"column":9},"end":{"line":6,"column":29}},"7":{"start":{"line":2,"column":2},"end":{"line":7,"column":null}},"8":{"start":{"line":3,"column":4},"end":{"line":4,"column":null}},"9":{"start":{"line":3,"column":98},"end":{"line":3,"column":null}}},"fnMap":{"0":{"name":"runStarActive","decl":{"start":{"line":23,"column":9},"end":{"line":23,"column":24}},"loc":{"start":{"line":23,"column":34},"end":{"line":26,"column":null}}},"1":{"name":"updateStarActive","decl":{"start":{"line":28,"column":9},"end":{"line":28,"column":27}},"loc":{"start":{"line":28,"column":37},"end":{"line":30,"column":null}}},"2":{"name":"(anonymous_4)","decl":{"start":{"line":3,"column":35},"end":{"line":3,"column":38}},"loc":{"start":{"line":3,"column":17},"end":{"line":4,"column":null}}},"3":{"name":"(anonymous_5)","decl":{"start":{"line":3,"column":96},"end":{"line":3,"column":98}},"loc":{"start":{"line":3,"column":98},"end":{"line":3,"column":null}}}},"branchMap":{"0":{"loc":{"start":{"line":24,"column":4},"end":{"line":24,"column":null}},"type":"if","locations":[{"start":{"line":24,"column":4},"end":{"line":24,"column":null}},{"start":{"line":24,"column":4},"end":{"line":24,"column":null}}]},"1":{"loc":{"start":{"line":25,"column":4},"end":{"line":25,"column":null}},"type":"if","locations":[{"start":{"line":25,"column":4},"end":{"line":25,"column":null}},{"start":{"line":25,"column":4},"end":{"line":25,"column":null}}]}},"s":{"0":5,"1":40,"2":16,"3":24,"4":24,"5":1,"6":1,"7":7,"8":40,"9":1},"f":{"0":40,"1":1,"2":40,"3":1},"b":{"0":[16,24],"1":[24,0]}}
,"C:/Users/BANTUG/Documents/Javascript/Nuxt 3/sample-nuxt3-app/store/useStoreOptions.ts": {"path":"C:/Users/BANTUG/Documents/Javascript/Nuxt 3/sample-nuxt3-app/store/useStoreOptions.ts","statementMap":{"0":{"start":{"line":13,"column":31},"end":{"line":37,"column":null}},"1":{"start":{"line":14,"column":23},"end":{"line":20,"column":null}},"2":{"start":{"line":23,"column":12},"end":{"line":23,"column":null}},"3":{"start":{"line":26,"column":12},"end":{"line":26,"column":null}},"4":{"start":{"line":29,"column":12},"end":{"line":29,"column":null}},"5":{"start":{"line":34,"column":12},"end":{"line":34,"column":null}}},"fnMap":{"0":{"name":"(anonymous_0)","decl":{"start":{"line":14,"column":11},"end":{"line":14,"column":23}},"loc":{"start":{"line":14,"column":23},"end":{"line":20,"column":null}}},"1":{"name":"(anonymous_1)","decl":{"start":{"line":22,"column":8},"end":{"line":22,"column":32}},"loc":{"start":{"line":22,"column":47},"end":{"line":24,"column":null}}},"2":{"name":"(anonymous_2)","decl":{"start":{"line":25,"column":8},"end":{"line":25,"column":35}},"loc":{"start":{"line":25,"column":35},"end":{"line":27,"column":null}}},"3":{"name":"(anonymous_3)","decl":{"start":{"line":28,"column":8},"end":{"line":28,"column":39}},"loc":{"start":{"line":28,"column":39},"end":{"line":30,"column":null}}},"4":{"name":"(anonymous_4)","decl":{"start":{"line":33,"column":8},"end":{"line":33,"column":20}},"loc":{"start":{"line":33,"column":33},"end":{"line":35,"column":null}}}},"branchMap":{},"s":{"0":1,"1":6,"2":1,"3":2,"4":2,"5":8},"f":{"0":6,"1":1,"2":2,"3":2,"4":8},"b":{}}
}
